<?xml version="1.0" encoding="UTF-8"?>
<!-- Generated by org.testng.reporters.JUnitReportReporter -->
<testsuite skipped="0" hostname="BalajiBiradar" name="com.infosys.test.SeleniumDemo1.BrokenLinksOnGivenWebPage" tests="1" failures="0" timestamp="04 Dec 2020 07:49:29 GMT" time="40.632" errors="0">
  <testcase name="ByBrokenLinksOnGivenWebPage" time="40.632" classname="com.infosys.test.SeleniumDemo1.BrokenLinksOnGivenWebPage"/>
</testsuite> <!-- com.infosys.test.SeleniumDemo1.BrokenLinksOnGivenWebPage -->
