<?xml version="1.0" encoding="UTF-8"?>
<!-- Generated by org.testng.reporters.JUnitReportReporter -->
<testsuite skipped="0" hostname="BalajiBiradar" name="com.infosys.test.SeleniumDemo1.Parametrization.ParametersUsingDataProvider" tests="3" failures="0" timestamp="08 Dec 2020 06:13:51 GMT" time="9.460" errors="0">
  <testcase name="testMethod" time="3.177" classname="com.infosys.test.SeleniumDemo1.Parametrization.ParametersUsingDataProvider"/>
  <testcase name="testMethod" time="3.164" classname="com.infosys.test.SeleniumDemo1.Parametrization.ParametersUsingDataProvider"/>
  <testcase name="testMethod" time="3.119" classname="com.infosys.test.SeleniumDemo1.Parametrization.ParametersUsingDataProvider"/>
</testsuite> <!-- com.infosys.test.SeleniumDemo1.Parametrization.ParametersUsingDataProvider -->
