<?xml version="1.0" encoding="UTF-8"?>
<!-- Generated by org.testng.reporters.JUnitReportReporter -->
<testsuite skipped="0" hostname="BalajiBiradar" name="com.infosys.test.SeleniumDemo1.AppTest" tests="1" failures="0" timestamp="04 Dec 2020 08:48:49 GMT" time="23.528" errors="0">
  <testcase name="DragnDrop" time="23.528" classname="com.infosys.test.SeleniumDemo1.AppTest"/>
</testsuite> <!-- com.infosys.test.SeleniumDemo1.AppTest -->
