<?xml version="1.0" encoding="UTF-8"?>
<!-- Generated by org.testng.reporters.JUnitReportReporter -->
<testsuite skipped="0" hostname="BalajiBiradar" name="com.infosys.test.SeleniumDemo1.WithoutUsingSendKeys" tests="1" failures="0" timestamp="04 Dec 2020 07:36:35 GMT" time="23.834" errors="0">
  <testcase name="ByWithoutUsingSendKey" time="23.834" classname="com.infosys.test.SeleniumDemo1.WithoutUsingSendKeys"/>
</testsuite> <!-- com.infosys.test.SeleniumDemo1.WithoutUsingSendKeys -->
