<?xml version="1.0" encoding="UTF-8"?>
<!-- Generated by org.testng.reporters.JUnitReportReporter -->
<testsuite skipped="0" hostname="BalajiBiradar" name="com.infosys.test.SeleniumDemo1.Dropdown" tests="1" failures="0" timestamp="04 Dec 2020 06:30:50 GMT" time="63.978" errors="0">
  <testcase name="DragnDrop" time="63.978" classname="com.infosys.test.SeleniumDemo1.Dropdown"/>
</testsuite> <!-- com.infosys.test.SeleniumDemo1.Dropdown -->
