<?xml version="1.0" encoding="UTF-8"?>
<!-- Generated by org.testng.reporters.JUnitReportReporter -->
<testsuite skipped="0" hostname="BalajiBiradar" name="com.infosys.test.SeleniumDemo1.Assertions.GetAttribute" tests="1" failures="0" timestamp="08 Dec 2020 08:57:42 GMT" time="9.204" errors="0">
  <testcase name="GetAttributeMethods" time="9.204" classname="com.infosys.test.SeleniumDemo1.Assertions.GetAttribute"/>
</testsuite> <!-- com.infosys.test.SeleniumDemo1.Assertions.GetAttribute -->
