<?xml version="1.0" encoding="UTF-8"?>
<!-- Generated by org.testng.reporters.JUnitReportReporter -->
<testsuite skipped="0" hostname="BalajiBiradar" name="com.infosys.test.SeleniumDemo1.TestNGReport.GenerateExtentReport" tests="1" failures="0" timestamp="08 Dec 2020 06:51:14 GMT" time="1.722" errors="0">
  <testcase name="loginTest" time="1.722" classname="com.infosys.test.SeleniumDemo1.TestNGReport.GenerateExtentReport"/>
</testsuite> <!-- com.infosys.test.SeleniumDemo1.TestNGReport.GenerateExtentReport -->
