<?xml version="1.0" encoding="UTF-8"?>
<!-- Generated by org.testng.reporters.JUnitReportReporter -->
<testsuite skipped="0" hostname="BalajiBiradar" name="com.infosys.test.SeleniumDemo1.GoogleSearchWebPage" tests="1" failures="0" timestamp="04 Dec 2020 08:56:52 GMT" time="17.005" errors="0">
  <testcase name="ByGoogleSearchWebPage" time="17.005" classname="com.infosys.test.SeleniumDemo1.GoogleSearchWebPage"/>
</testsuite> <!-- com.infosys.test.SeleniumDemo1.GoogleSearchWebPage -->
