<?xml version="1.0" encoding="UTF-8"?>
<!-- Generated by org.testng.reporters.JUnitReportReporter -->
<testsuite skipped="0" hostname="BalajiBiradar" name="com.infosys.test.SeleniumDemo1.Scrollwebpage" tests="1" failures="0" timestamp="04 Dec 2020 06:56:45 GMT" time="18.558" errors="0">
  <testcase name="ByScrollWebPageMethod" time="18.558" classname="com.infosys.test.SeleniumDemo1.Scrollwebpage"/>
</testsuite> <!-- com.infosys.test.SeleniumDemo1.Scrollwebpage -->
