<?xml version="1.0" encoding="UTF-8"?>
<!-- Generated by org.testng.reporters.JUnitReportReporter -->
<testsuite skipped="0" hostname="BalajiBiradar" name="com.infosys.test.SeleniumDemo1.Popup" tests="1" failures="0" timestamp="04 Dec 2020 08:20:05 GMT" time="19.602" errors="0">
  <testcase name="DragnDrop" time="19.602" classname="com.infosys.test.SeleniumDemo1.Popup"/>
</testsuite> <!-- com.infosys.test.SeleniumDemo1.Popup -->
