<?xml version="1.0" encoding="UTF-8"?>
<!-- Generated by org.testng.reporters.JUnitReportReporter -->
<testsuite skipped="0" hostname="BalajiBiradar" name="com.infosys.test.SeleniumDemo1.Assertions.ScreenshotOfWebPage" tests="1" failures="0" timestamp="08 Dec 2020 09:17:38 GMT" time="13.814" errors="0">
  <testcase name="DragnDrop" time="13.814" classname="com.infosys.test.SeleniumDemo1.Assertions.ScreenshotOfWebPage"/>
</testsuite> <!-- com.infosys.test.SeleniumDemo1.Assertions.ScreenshotOfWebPage -->
