<?xml version="1.0" encoding="UTF-8"?>
<!-- Generated by org.testng.reporters.JUnitReportReporter -->
<testsuite skipped="0" hostname="BalajiBiradar" name="com.infosys.test.SeleniumDemo1.Assertions.ReadExcelFile" tests="1" failures="0" timestamp="08 Dec 2020 11:34:57 GMT" time="0.767" errors="0">
  <testcase name="ReadExcel" time="0.767" classname="com.infosys.test.SeleniumDemo1.Assertions.ReadExcelFile"/>
</testsuite> <!-- com.infosys.test.SeleniumDemo1.Assertions.ReadExcelFile -->
